<?xml version="1.0" encoding="UTF-8"?>
<testsuite xmlns:xsi="http://www.w3.org/2001/XMLSchema-instance" xsi:noNamespaceSchemaLocation="https://maven.apache.org/surefire/maven-surefire-plugin/xsd/surefire-test-report-3.0.xsd" version="3.0" name="GoTest" time="2.364" tests="7" errors="0" skipped="0" failures="0">
  <properties>
[...]
</properties>
  <testcase name="testPlaceStone" classname="GoTest" time="0.563"/>
  <testcase name="testStonesEnabled" classname="GoTest" time="0.065"/>
  <testcase name="testPlaceStoneDisabled" classname="GoTest" time="0.165"/>
  <testcase name="testCreateBoardSize" classname="GoTest" time="0.056"/>
  <testcase name="testSetHandicap" classname="GoTest" time="0.132"/>
  <testcase name="testCaptureStone" classname="GoTest" time="0.189">
    <system-out><![CDATA[0 white
1 black
]]></system-out>
  </testcase>
  <testcase name="testCaptureMultipleStones" classname="GoTest" time="1.132">
    <system-out><![CDATA[4 white
0 black
]]></system-out>
  </testcase>
</testsuite>